# JRE version: 7.0_17-b02
# Java VM: Java HotSpot(TM) Client VM (23.7-b01 mixed mode windows-x86 )
Heap
 def new generation   total 222016K, used 15930K [0x05c70000, 0x14d50000, 0x1b1c0000)
  eden space 197376K,   6% used [0x05c70000, 0x0699ea78, 0x11d30000)
  from space 24640K,   9% used [0x11d30000, 0x11f90020, 0x13540000)
  to   space 24640K,   0% used [0x13540000, 0x13540000, 0x14d50000)
 tenured generation   total 493040K, used 302188K [0x1b1c0000, 0x3933c000, 0x45c70000)
   the space 493040K,  61% used [0x1b1c0000, 0x2d8db1c8, 0x2d8db200, 0x3933c000)
 compacting perm gen  total 25600K, used 25402K [0x45c70000, 0x47570000, 0x4dc70000)
   the space 25600K,  99% used [0x45c70000, 0x4753ea50, 0x4753ec00, 0x47570000)
GC Heap History (10 events):
Event: 700.427 GC heap before
{Heap before GC invocations=339 (full 6):
 def new generation   total 222016K, used 198870K [0x05c70000, 0x14d50000, 0x1b1c0000)
  eden space 197376K,  99% used [0x05c70000, 0x11cf30e0, 0x11d30000)
  from space 24640K,   7% used [0x11d30000, 0x11ee2898, 0x13540000)
  to   space 24640K,   0% used [0x13540000, 0x13540000, 0x14d50000)
 tenured generation   total 493040K, used 302188K [0x1b1c0000, 0x3933c000, 0x45c70000)
   the space 493040K,  61% used [0x1b1c0000, 0x2d8db060, 0x2d8db200, 0x3933c000)
 compacting perm gen  total 25344K, used 25207K [0x45c70000, 0x47530000, 0x4dc70000)
   the space 25344K,  99% used [0x45c70000, 0x4750de58, 0x4750e000, 0x47530000)
No shared spaces configured.
Event: 700.433 GC heap after
Heap after GC invocations=340 (full 6):
 def new generation   total 222016K, used 1701K [0x05c70000, 0x14d50000, 0x1b1c0000)
  eden space 197376K,   0% used [0x05c70000, 0x05c70000, 0x11d30000)
  from space 24640K,   6% used [0x13540000, 0x136e94d0, 0x14d50000)
  to   space 24640K,   0% used [0x11d30000, 0x11d30000, 0x13540000)
 tenured generation   total 493040K, used 302188K [0x1b1c0000, 0x3933c000, 0x45c70000)
   the space 493040K,  61% used [0x1b1c0000, 0x2d8db078, 0x2d8db200, 0x3933c000)
 compacting perm gen  total 25344K, used 25207K [0x45c70000, 0x47530000, 0x4dc70000)
   the space 25344K,  99% used [0x45c70000, 0x4750de58, 0x4750e000, 0x47530000)
No shared spaces configured.
}
Event: 706.160 GC heap before
{Heap before GC invocations=340 (full 6):
 def new generation   total 222016K, used 198904K [0x05c70000, 0x14d50000, 0x1b1c0000)
  eden space 197376K,  99% used [0x05c70000, 0x11d04e70, 0x11d30000)
  from space 24640K,   6% used [0x13540000, 0x136e94d0, 0x14d50000)
  to   space 24640K,   0% used [0x11d30000, 0x11d30000, 0x13540000)
 tenured generation   total 493040K, used 302188K [0x1b1c0000, 0x3933c000, 0x45c70000)
   the space 493040K,  61% used [0x1b1c0000, 0x2d8db078, 0x2d8db200, 0x3933c000)
 compacting perm gen  total 25344K, used 25207K [0x45c70000, 0x47530000, 0x4dc70000)
   the space 25344K,  99% used [0x45c70000, 0x4750de58, 0x4750e000, 0x47530000)
No shared spaces configured.
Event: 706.165 GC heap after
Heap after GC invocations=341 (full 6):
 def new generation   total 222016K, used 2248K [0x05c70000, 0x14d50000, 0x1b1c0000)
  eden space 197376K,   0% used [0x05c70000, 0x05c70000, 0x11d30000)
  from space 24640K,   9% used [0x11d30000, 0x11f62090, 0x13540000)
  to   space 24640K,   0% used [0x13540000, 0x13540000, 0x14d50000)
 tenured generation   total 493040K, used 302188K [0x1b1c0000, 0x3933c000, 0x45c70000)
   the space 493040K,  61% used [0x1b1c0000, 0x2d8db078, 0x2d8db200, 0x3933c000)
 compacting perm gen  total 25344K, used 25207K [0x45c70000, 0x47530000, 0x4dc70000)
   the space 25344K,  99% used [0x45c70000, 0x4750de58, 0x4750e000, 0x47530000)
No shared spaces configured.
}
Event: 716.048 GC heap before
{Heap before GC invocations=341 (full 6):
 def new generation   total 222016K, used 199624K [0x05c70000, 0x14d50000, 0x1b1c0000)
  eden space 197376K, 100% used [0x05c70000, 0x11d30000, 0x11d30000)
  from space 24640K,   9% used [0x11d30000, 0x11f62090, 0x13540000)
  to   space 24640K,   0% used [0x13540000, 0x13540000, 0x14d50000)
 tenured generation   total 493040K, used 302188K [0x1b1c0000, 0x3933c000, 0x45c70000)
   the space 493040K,  61% used [0x1b1c0000, 0x2d8db078, 0x2d8db200, 0x3933c000)
 compacting perm gen  total 25344K, used 25208K [0x45c70000, 0x47530000, 0x4dc70000)
   the space 25344K,  99% used [0x45c70000, 0x4750e278, 0x4750e400, 0x47530000)
No shared spaces configured.
Event: 716.052 GC heap after
Heap after GC invocations=342 (full 6):
 def new generation   total 222016K, used 1232K [0x05c70000, 0x14d50000, 0x1b1c0000)
  eden space 197376K,   0% used [0x05c70000, 0x05c70000, 0x11d30000)
  from space 24640K,   5% used [0x13540000, 0x136743f8, 0x14d50000)
  to   space 24640K,   0% used [0x11d30000, 0x11d30000, 0x13540000)
 tenured generation   total 493040K, used 302188K [0x1b1c0000, 0x3933c000, 0x45c70000)
   the space 493040K,  61% used [0x1b1c0000, 0x2d8db108, 0x2d8db200, 0x3933c000)
 compacting perm gen  total 25344K, used 25208K [0x45c70000, 0x47530000, 0x4dc70000)
   the space 25344K,  99% used [0x45c70000, 0x4750e278, 0x4750e400, 0x47530000)
No shared spaces configured.
}
Event: 733.944 GC heap before
{Heap before GC invocations=342 (full 6):
 def new generation   total 222016K, used 198608K [0x05c70000, 0x14d50000, 0x1b1c0000)
  eden space 197376K, 100% used [0x05c70000, 0x11d30000, 0x11d30000)
  from space 24640K,   5% used [0x13540000, 0x136743f8, 0x14d50000)
  to   space 24640K,   0% used [0x11d30000, 0x11d30000, 0x13540000)
 tenured generation   total 493040K, used 302188K [0x1b1c0000, 0x3933c000, 0x45c70000)
   the space 493040K,  61% used [0x1b1c0000, 0x2d8db108, 0x2d8db200, 0x3933c000)
 compacting perm gen  total 25600K, used 25402K [0x45c70000, 0x47570000, 0x4dc70000)
   the space 25600K,  99% used [0x45c70000, 0x4753ea20, 0x4753ec00, 0x47570000)
No shared spaces configured.
Event: 733.952 GC heap after
Heap after GC invocations=343 (full 6):
 def new generation   total 222016K, used 3317K [0x05c70000, 0x14d50000, 0x1b1c0000)
  eden space 197376K,   0% used [0x05c70000, 0x05c70000, 0x11d30000)
  from space 24640K,  13% used [0x11d30000, 0x1206d7e0, 0x13540000)
  to   space 24640K,   0% used [0x13540000, 0x13540000, 0x14d50000)
 tenured generation   total 493040K, used 302188K [0x1b1c0000, 0x3933c000, 0x45c70000)
   the space 493040K,  61% used [0x1b1c0000, 0x2d8db108, 0x2d8db200, 0x3933c000)
 compacting perm gen  total 25600K, used 25402K [0x45c70000, 0x47570000, 0x4dc70000)
   the space 25600K,  99% used [0x45c70000, 0x4753ea20, 0x4753ec00, 0x47570000)
No shared spaces configured.
}
Event: 734.377 GC heap before
{Heap before GC invocations=343 (full 6):
 def new generation   total 222016K, used 200693K [0x05c70000, 0x14d50000, 0x1b1c0000)
  eden space 197376K, 100% used [0x05c70000, 0x11d30000, 0x11d30000)
  from space 24640K,  13% used [0x11d30000, 0x1206d7e0, 0x13540000)
  to   space 24640K,   0% used [0x13540000, 0x13540000, 0x14d50000)
 tenured generation   total 493040K, used 302188K [0x1b1c0000, 0x3933c000, 0x45c70000)
   the space 493040K,  61% used [0x1b1c0000, 0x2d8db108, 0x2d8db200, 0x3933c000)
 compacting perm gen  total 25600K, used 25402K [0x45c70000, 0x47570000, 0x4dc70000)
   the space 25600K,  99% used [0x45c70000, 0x4753ea20, 0x4753ec00, 0x47570000)
No shared spaces configured.
Event: 734.384 GC heap after
Heap after GC invocations=344 (full 6):
 def new generation   total 222016K, used 3150K [0x05c70000, 0x14d50000, 0x1b1c0000)
  eden space 197376K,   0% used [0x05c70000, 0x05c70000, 0x11d30000)
  from space 24640K,  12% used [0x13540000, 0x13853998, 0x14d50000)
  to   space 24640K,   0% used [0x11d30000, 0x11d30000, 0x13540000)
 tenured generation   total 493040K, used 302188K [0x1b1c0000, 0x3933c000, 0x45c70000)
   the space 493040K,  61% used [0x1b1c0000, 0x2d8db1c8, 0x2d8db200, 0x3933c000)
 compacting perm gen  total 25600K, used 25402K [0x45c70000, 0x47570000, 0x4dc70000)
   the space 25600K,  99% used [0x45c70000, 0x4753ea20, 0x4753ec00, 0x47570000)
No shared spaces configured.
}

